<?xml version="1.0" encoding="UTF-8"?>
<!-- Generated by org.testng.reporters.JUnitXMLReporter -->
<testsuite ignored="4" hostname="DESKTOP-C1M9HVI" failures="0" tests="1" name="Car Loan" time="0.04" errors="0" timestamp="2022-04-05T17:32:18 IST">
  <testcase classname="test.Demo3" name="WebLoginCarLoan" time="0.005"/>
  <testcase classname="test.Demo3" name="MobileSigninCarLoan" time="0.0">
    <ignored/>
  </testcase> <!-- MobileSigninCarLoan -->
  <testcase classname="test.Demo3" name="APILoginCarLoan" time="0.0">
    <ignored/>
  </testcase> <!-- APILoginCarLoan -->
  <testcase classname="test.Demo3" name="MobileLoginCarLoan" time="0.0">
    <ignored/>
  </testcase> <!-- MobileLoginCarLoan -->
  <testcase classname="test.Demo3" name="MobileLogOutCarLoan" time="0.0">
    <ignored/>
  </testcase> <!-- MobileLogOutCarLoan -->
</testsuite> <!-- Car Loan -->
