<?xml version="1.0" encoding="UTF-8"?>
<!-- Generated by org.testng.reporters.JUnitXMLReporter -->
<testsuite ignored="0" hostname="DESKTOP-C1M9HVI" failures="1" tests="4" name="Personal loan" time="0.064" errors="0" timestamp="2022-04-05T17:36:17 IST">
  <testcase classname="test.Demo6" name="IterationTC" time="0.006"/>
  <testcase classname="test.Demo6" name="IterationTC" time="0.001"/>
  <testcase classname="test.Demo6" name="IterationTC" time="0.002"/>
  <testcase classname="test.Demo6" name="FailingTC" time="0.003">
    <failure type="java.lang.AssertionError" message="expected [true] but found [false]">
      <![CDATA[java.lang.AssertionError: expected [true] but found [false]
at test.Demo6.FailingTC(Demo6.java:31)
at java.base/java.util.ArrayList.forEach(ArrayList.java:1511)
... Removed 31 stack frames]]>
    </failure>
  </testcase> <!-- FailingTC -->
</testsuite> <!-- Personal loan -->
